android/app/build/intermediates/manifest_merge_blame_file/release/manifest-merger-blame-release-report.txt
1<?xml version="1.0" encoding="utf-8"?>
2<manifest xmlns:android="http://schemas.android.com/apk/res/android"
3    package="com.example.shop"
4    android:versionCode="1"
5    android:versionName="1.0.0" >
6
7    <uses-sdk
8        android:minSdkVersion="21"
8-->src\main\AndroidManifest.xml
9        android:targetSdkVersion="35" />
9-->src\main\AndroidManifest.xml
10    <!--
11         Required to query activities that can process text, see:
12         https://developer.android.com/training/package-visibility?hl=en and
13         https://developer.android.com/reference/android/content/Intent#ACTION_PROCESS_TEXT.
14
15         In particular, this is used by the Flutter engine in io.flutter.plugin.text.ProcessTextPlugin.
16    -->
17    <queries>
17-->src\main\AndroidManifest.xml:38:5-43:15
18        <intent>
18-->src\main\AndroidManifest.xml:39:9-42:18
19            <action android:name="android.intent.action.PROCESS_TEXT" />
19-->src\main\AndroidManifest.xml:40:13-72
19-->src\main\AndroidManifest.xml:40:21-70
20
21            <data android:mimeType="text/plain" />
21-->src\main\AndroidManifest.xml:41:13-50
21-->src\main\AndroidManifest.xml:41:19-48
22        </intent>
23    </queries>
24
25    <permission
25-->[androidx.core:core:1.13.1] AndroidManifest.xml:22:5-24:47
26        android:name="com.example.shop.DYNAMIC_RECEIVER_NOT_EXPORTED_PERMISSION"
26-->[androidx.core:core:1.13.1] AndroidManifest.xml:23:9-81
27        android:protectionLevel="signature" />
27-->[androidx.core:core:1.13.1] AndroidManifest.xml:24:9-44
28
29    <uses-permission android:name="com.example.shop.DYNAMIC_RECEIVER_NOT_EXPORTED_PERMISSION" />
29-->[androidx.core:core:1.13.1] AndroidManifest.xml:26:5-97
29-->[androidx.core:core:1.13.1] AndroidManifest.xml:26:22-94
30
31    <application
32        android:name="android.app.Application"
32-->src\main\AndroidManifest.xml:4:9-42
33        android:appComponentFactory="androidx.core.app.CoreComponentFactory"
33-->[androidx.core:core:1.13.1] AndroidManifest.xml:28:18-86
34        android:icon="@mipmap/ic_launcher"
34-->src\main\AndroidManifest.xml:5:9-43
35        android:label="shop" >
35-->src\main\AndroidManifest.xml:3:9-29
36        <activity
36-->src\main\AndroidManifest.xml:6:9-26:20
37            android:name="com.example.shop.MainActivity"
37-->src\main\AndroidManifest.xml:7:13-41
38            android:configChanges="orientation|keyboardHidden|keyboard|screenSize|smallestScreenSize|locale|layoutDirection|fontScale|screenLayout|density|uiMode"
38-->src\main\AndroidManifest.xml:11:13-163
39            android:exported="true"
39-->src\main\AndroidManifest.xml:8:13-36
40            android:hardwareAccelerated="true"
40-->src\main\AndroidManifest.xml:12:13-47
41            android:launchMode="singleTop"
41-->src\main\AndroidManifest.xml:9:13-43
42            android:theme="@style/LaunchTheme"
42-->src\main\AndroidManifest.xml:10:13-47
43            android:windowSoftInputMode="adjustResize" >
43-->src\main\AndroidManifest.xml:13:13-55
44
45            <!--
46                 Specifies an Android theme to apply to this Activity as soon as
47                 the Android process has started. This theme is visible to the user
48                 while the Flutter UI initializes. After that, this theme continues
49                 to determine the Window background behind the Flutter UI.
50            -->
51            <meta-data
51-->src\main\AndroidManifest.xml:18:13-21:17
52                android:name="io.flutter.embedding.android.NormalTheme"
52-->src\main\AndroidManifest.xml:19:15-70
53                android:resource="@style/NormalTheme" />
53-->src\main\AndroidManifest.xml:20:15-52
54
55            <intent-filter>
55-->src\main\AndroidManifest.xml:22:13-25:29
56                <action android:name="android.intent.action.MAIN" />
56-->src\main\AndroidManifest.xml:23:17-68
56-->src\main\AndroidManifest.xml:23:25-66
57
58                <category android:name="android.intent.category.LAUNCHER" />
58-->src\main\AndroidManifest.xml:24:17-76
58-->src\main\AndroidManifest.xml:24:27-74
59            </intent-filter>
60        </activity>
61        <!--
62             Don't delete the meta-data below.
63             This is used by the Flutter tool to generate GeneratedPluginRegistrant.java
64        -->
65        <meta-data
65-->src\main\AndroidManifest.xml:29:9-31:33
66            android:name="flutterEmbedding"
66-->src\main\AndroidManifest.xml:30:13-44
67            android:value="2" />
67-->src\main\AndroidManifest.xml:31:13-30
68
69        <activity
69-->[:url_launcher_android] AndroidManifest.xml:10:9-13:74
70            android:name="io.flutter.plugins.urllauncher.WebViewActivity"
70-->[:url_launcher_android] AndroidManifest.xml:11:13-74
71            android:exported="false"
71-->[:url_launcher_android] AndroidManifest.xml:12:13-37
72            android:theme="@android:style/Theme.NoTitleBar.Fullscreen" />
72-->[:url_launcher_android] AndroidManifest.xml:13:13-71
73
74        <uses-library
74-->[androidx.window:window:1.2.0] AndroidManifest.xml:23:9-25:40
75            android:name="androidx.window.extensions"
75-->[androidx.window:window:1.2.0] AndroidManifest.xml:24:13-54
76            android:required="false" />
76-->[androidx.window:window:1.2.0] AndroidManifest.xml:25:13-37
77        <uses-library
77-->[androidx.window:window:1.2.0] AndroidManifest.xml:26:9-28:40
78            android:name="androidx.window.sidecar"
78-->[androidx.window:window:1.2.0] AndroidManifest.xml:27:13-51
79            android:required="false" />
79-->[androidx.window:window:1.2.0] AndroidManifest.xml:28:13-37
80
81        <provider
81-->[androidx.lifecycle:lifecycle-process:2.7.0] AndroidManifest.xml:24:9-32:20
82            android:name="androidx.startup.InitializationProvider"
82-->[androidx.lifecycle:lifecycle-process:2.7.0] AndroidManifest.xml:25:13-67
83            android:authorities="com.example.shop.androidx-startup"
83-->[androidx.lifecycle:lifecycle-process:2.7.0] AndroidManifest.xml:26:13-68
84            android:exported="false" >
84-->[androidx.lifecycle:lifecycle-process:2.7.0] AndroidManifest.xml:27:13-37
85            <meta-data
85-->[androidx.lifecycle:lifecycle-process:2.7.0] AndroidManifest.xml:29:13-31:52
86                android:name="androidx.lifecycle.ProcessLifecycleInitializer"
86-->[androidx.lifecycle:lifecycle-process:2.7.0] AndroidManifest.xml:30:17-78
87                android:value="androidx.startup" />
87-->[androidx.lifecycle:lifecycle-process:2.7.0] AndroidManifest.xml:31:17-49
88            <meta-data
88-->[androidx.profileinstaller:profileinstaller:1.3.1] AndroidManifest.xml:29:13-31:52
89                android:name="androidx.profileinstaller.ProfileInstallerInitializer"
89-->[androidx.profileinstaller:profileinstaller:1.3.1] AndroidManifest.xml:30:17-85
90                android:value="androidx.startup" />
90-->[androidx.profileinstaller:profileinstaller:1.3.1] AndroidManifest.xml:31:17-49
91        </provider>
92
93        <receiver
93-->[androidx.profileinstaller:profileinstaller:1.3.1] AndroidManifest.xml:34:9-52:20
94            android:name="androidx.profileinstaller.ProfileInstallReceiver"
94-->[androidx.profileinstaller:profileinstaller:1.3.1] AndroidManifest.xml:35:13-76
95            android:directBootAware="false"
95-->[androidx.profileinstaller:profileinstaller:1.3.1] AndroidManifest.xml:36:13-44
96            android:enabled="true"
96-->[androidx.profileinstaller:profileinstaller:1.3.1] AndroidManifest.xml:37:13-35
97            android:exported="true"
97-->[androidx.profileinstaller:profileinstaller:1.3.1] AndroidManifest.xml:38:13-36
98            android:permission="android.permission.DUMP" >
98-->[androidx.profileinstaller:profileinstaller:1.3.1] AndroidManifest.xml:39:13-57
99            <intent-filter>
99-->[androidx.profileinstaller:profileinstaller:1.3.1] AndroidManifest.xml:40:13-42:29
100                <action android:name="androidx.profileinstaller.action.INSTALL_PROFILE" />
100-->[androidx.profileinstaller:profileinstaller:1.3.1] AndroidManifest.xml:41:17-91
100-->[androidx.profileinstaller:profileinstaller:1.3.1] AndroidManifest.xml:41:25-88
101            </intent-filter>
102            <intent-filter>
102-->[androidx.profileinstaller:profileinstaller:1.3.1] AndroidManifest.xml:43:13-45:29
103                <action android:name="androidx.profileinstaller.action.SKIP_FILE" />
103-->[androidx.profileinstaller:profileinstaller:1.3.1] AndroidManifest.xml:44:17-85
103-->[androidx.profileinstaller:profileinstaller:1.3.1] AndroidManifest.xml:44:25-82
104            </intent-filter>
105            <intent-filter>
105-->[androidx.profileinstaller:profileinstaller:1.3.1] AndroidManifest.xml:46:13-48:29
106                <action android:name="androidx.profileinstaller.action.SAVE_PROFILE" />
106-->[androidx.profileinstaller:profileinstaller:1.3.1] AndroidManifest.xml:47:17-88
106-->[androidx.profileinstaller:profileinstaller:1.3.1] AndroidManifest.xml:47:25-85
107            </intent-filter>
108            <intent-filter>
108-->[androidx.profileinstaller:profileinstaller:1.3.1] AndroidManifest.xml:49:13-51:29
109                <action android:name="androidx.profileinstaller.action.BENCHMARK_OPERATION" />
109-->[androidx.profileinstaller:profileinstaller:1.3.1] AndroidManifest.xml:50:17-95
109-->[androidx.profileinstaller:profileinstaller:1.3.1] AndroidManifest.xml:50:25-92
110            </intent-filter>
111        </receiver>
112    </application>
113
114</manifest>